{"C:\\Users\\Lakshmiprasad\\Desktop\\syscloud-task1\\src\\calculator.js": {"path":"C:\\Users\\Lakshmiprasad\\Desktop\\syscloud-task1\\src\\calculator.js","statementMap":{"0":{"start":{"line":12,"column":0},"end":{"line":12,"column":34}},"1":{"start":{"line":12,"column":26},"end":{"line":12,"column":33}},"2":{"start":{"line":20,"column":0},"end":{"line":20,"column":39}},"3":{"start":{"line":20,"column":31},"end":{"line":20,"column":38}},"4":{"start":{"line":28,"column":0},"end":{"line":28,"column":39}},"5":{"start":{"line":28,"column":31},"end":{"line":28,"column":38}},"6":{"start":{"line":36,"column":0},"end":{"line":36,"column":37}},"7":{"start":{"line":36,"column":29},"end":{"line":36,"column":36}}},"fnMap":{"0":{"name":"(anonymous_0)","decl":{"start":{"line":12,"column":14},"end":{"line":12,"column":15}},"loc":{"start":{"line":12,"column":26},"end":{"line":12,"column":33}},"line":12},"1":{"name":"(anonymous_1)","decl":{"start":{"line":20,"column":19},"end":{"line":20,"column":20}},"loc":{"start":{"line":20,"column":31},"end":{"line":20,"column":38}},"line":20},"2":{"name":"(anonymous_2)","decl":{"start":{"line":28,"column":19},"end":{"line":28,"column":20}},"loc":{"start":{"line":28,"column":31},"end":{"line":28,"column":38}},"line":28},"3":{"name":"(anonymous_3)","decl":{"start":{"line":36,"column":17},"end":{"line":36,"column":18}},"loc":{"start":{"line":36,"column":29},"end":{"line":36,"column":36}},"line":36}},"branchMap":{},"s":{"0":1,"1":8,"2":1,"3":8,"4":1,"5":8,"6":1,"7":16},"f":{"0":8,"1":8,"2":8,"3":16},"b":{},"_coverageSchema":"1a1c01bbd47fc00a2c39e90264f33305004495a9","hash":"3b9a338cb5593967c8dc96c79b0b6df24b6b5dc1"}
}
